<?xml version="1.0" encoding="UTF-8"?>
<!-- Generated by org.testng.reporters.JUnitReportReporter -->
<testsuite hostname="DESKTOP-132NBAJ" failures="0" tests="1" name="com.vtiger.crm.OpportunityTest.CreateOpportunityTest" time="15.770" errors="0" timestamp="2025-04-29T17:25:23 IST" skipped="0">
  <testcase classname="com.vtiger.crm.OpportunityTest.CreateOpportunityTest" name="createOpt" time="15.770"/>
</testsuite> <!-- com.vtiger.crm.OpportunityTest.CreateOpportunityTest -->
