<?xml version="1.0" encoding="UTF-8"?>
<!-- Generated by org.testng.reporters.JUnitReportReporter -->
<testsuite hostname="DESKTOP-132NBAJ" failures="0" tests="1" name="com.vtiger.crm.ContactTest.CreateContactWithSupportDate" time="13.106" errors="0" timestamp="2025-04-23T13:00:48 IST" skipped="0">
  <testcase classname="com.vtiger.crm.ContactTest.CreateContactWithSupportDate" name="createOrg" time="13.106"/>
</testsuite> <!-- com.vtiger.crm.ContactTest.CreateContactWithSupportDate -->
