<?xml version="1.0" encoding="UTF-8"?>
<!-- Generated by org.testng.reporters.JUnitReportReporter -->
<testsuite hostname="DESKTOP-132NBAJ" failures="0" tests="1" name="com.vtiger.crm.PurchaseOrderTest.createPO" time="29.184" errors="0" timestamp="2025-04-24T17:45:27 IST" skipped="0">
  <testcase classname="com.vtiger.crm.PurchaseOrderTest.createPO" name="createPurchaseOrder" time="29.184"/>
</testsuite> <!-- com.vtiger.crm.PurchaseOrderTest.createPO -->
