<?xml version="1.0" encoding="UTF-8"?>
<!-- Generated by org.testng.reporters.JUnitReportReporter -->
<testsuite hostname="DESKTOP-132NBAJ" failures="0" tests="1" name="com.vtiger.crm.InvoiceTest.CreateInvoiceTest" time="89.262" errors="0" timestamp="2025-05-08T11:04:27 IST" skipped="0">
  <testcase classname="com.vtiger.crm.InvoiceTest.CreateInvoiceTest" name="createInvoicewithPO_SO" time="89.262"/>
</testsuite> <!-- com.vtiger.crm.InvoiceTest.CreateInvoiceTest -->
