<?xml version="1.0" encoding="UTF-8"?>
<!-- Generated by org.testng.reporters.JUnitReportReporter -->
<testsuite hostname="DESKTOP-132NBAJ" failures="0" tests="1" name="com.vtiger.crm.OpportunityTest.CreateOpportunity" time="23.582" errors="0" timestamp="2025-04-24T11:58:13 IST" skipped="0">
  <testcase classname="com.vtiger.crm.OpportunityTest.CreateOpportunity" name="createOpt" time="23.582"/>
</testsuite> <!-- com.vtiger.crm.OpportunityTest.CreateOpportunity -->
