<?xml version="1.0" encoding="UTF-8"?>
<!-- Generated by org.testng.reporters.JUnitReportReporter -->
<testsuite hostname="DESKTOP-132NBAJ" failures="0" tests="3" name="com.vtiger.crm.OpportunityTest.sample" time="69.919" errors="0" timestamp="2025-05-02T13:24:06 IST" skipped="0">
  <testcase classname="com.vtiger.crm.OpportunityTest.sample" name="getProductInfo" time="24.912"/>
  <testcase classname="com.vtiger.crm.OpportunityTest.sample" name="getProductInfo" time="22.366"/>
  <testcase classname="com.vtiger.crm.OpportunityTest.sample" name="getProductInfo" time="22.641"/>
</testsuite> <!-- com.vtiger.crm.OpportunityTest.sample -->
