<?xml version="1.0" encoding="UTF-8"?>
<!-- Generated by org.testng.reporters.JUnitReportReporter -->
<testsuite hostname="DESKTOP-132NBAJ" failures="0" tests="1" name="com.vtiger.crm.OrgTest.CreateOrgWithPhoneNumber" time="26.211" errors="0" timestamp="2025-05-09T10:11:16 IST" skipped="0">
  <testcase classname="com.vtiger.crm.OrgTest.CreateOrgWithPhoneNumber" name="createOrg" time="26.211">
    <system-out>
      <![CDATA[JSW_PAINTS_876 is created & verified 
8792336114 is created & verified ]]>
    </system-out>
  </testcase> <!-- createOrg -->
  <system-out>
    <![CDATA[JSW_PAINTS_876 is created & verified 
8792336114 is created & verified ]]>
  </system-out>
</testsuite> <!-- com.vtiger.crm.OrgTest.CreateOrgWithPhoneNumber -->
