<?xml version="1.0" encoding="UTF-8"?>
<!-- Generated by org.testng.reporters.JUnitReportReporter -->
<testsuite hostname="DESKTOP-132NBAJ" failures="0" tests="1" name="com.vtiger.crm.ServicesTest.CreateServices" time="18.493" errors="0" timestamp="2025-04-24T15:03:36 IST" skipped="0">
  <testcase classname="com.vtiger.crm.ServicesTest.CreateServices" name="createService" time="18.493"/>
</testsuite> <!-- com.vtiger.crm.ServicesTest.CreateServices -->
