<?xml version="1.0" encoding="UTF-8"?>
<!-- Generated by org.testng.reporters.JUnitReportReporter -->
<testsuite hostname="DESKTOP-132NBAJ" failures="0" tests="1" name="PracticeTest.Sample_Advance_Reports" time="9.245" errors="0" timestamp="2025-05-08T15:27:47 IST" skipped="0">
  <testcase classname="PracticeTest.Sample_Advance_Reports" name="createPOTest" time="9.245"/>
</testsuite> <!-- PracticeTest.Sample_Advance_Reports -->
