<?xml version="1.0" encoding="UTF-8"?>
<!-- Generated by org.testng.reporters.JUnitReportReporter -->
<testsuite hostname="DESKTOP-132NBAJ" failures="0" tests="3" name="com.vtiger.crm.ContactTest.CreateContactTest" time="82.526" errors="0" timestamp="2025-05-09T15:39:56 IST" skipped="0">
  <testcase classname="com.vtiger.crm.ContactTest.CreateContactTest" name="createContactWithOrgTest" time="38.351"/>
  <testcase classname="com.vtiger.crm.ContactTest.CreateContactTest" name="createConatctWithSupportedDateTest" time="22.698"/>
  <testcase classname="com.vtiger.crm.ContactTest.CreateContactTest" name="createContact" time="21.477"/>
</testsuite> <!-- com.vtiger.crm.ContactTest.CreateContactTest -->
