<?xml version="1.0" encoding="UTF-8"?>
<!-- Generated by org.testng.reporters.JUnitReportReporter -->
<testsuite hostname="DESKTOP-132NBAJ" failures="0" tests="3" name="com.vtiger.crm.OrgTest.CreateOrgTest" time="66.520" errors="0" timestamp="2025-05-09T15:21:01 IST" skipped="0">
  <testcase classname="com.vtiger.crm.OrgTest.CreateOrgTest" name="createOrgWithIndustryTypeTest" time="21.442">
    <system-out>
      <![CDATA[JSW_CEMENT_929 is created & verified 
Banking is created & verified ]]>
    </system-out>
  </testcase> <!-- createOrgWithIndustryTypeTest -->
  <testcase classname="com.vtiger.crm.OrgTest.CreateOrgTest" name="createOrg" time="24.406">
    <system-out>
      <![CDATA[JSWSTEEL_218 is created & verified ]]>
    </system-out>
  </testcase> <!-- createOrg -->
  <testcase classname="com.vtiger.crm.OrgTest.CreateOrgTest" name="createOrgWithPhoneNumberTest" time="20.672">
    <system-out>
      <![CDATA[JSW_PAINTS_482 is created & verified 
8792336114 is created & verified ]]>
    </system-out>
  </testcase> <!-- createOrgWithPhoneNumberTest -->
  <system-out>
    <![CDATA[JSWSTEEL_218 is created & verified 
JSW_CEMENT_929 is created & verified 
Banking is created & verified 
JSW_PAINTS_482 is created & verified 
8792336114 is created & verified ]]>
  </system-out>
</testsuite> <!-- com.vtiger.crm.OrgTest.CreateOrgTest -->
