<?xml version="1.0" encoding="UTF-8"?>
<!-- Generated by org.testng.reporters.JUnitReportReporter -->
<testsuite hostname="DESKTOP-132NBAJ" failures="0" tests="1" name="com.vtiger.crm.ContactTest.CreateContactsWithOrganzation" time="25.718" errors="0" timestamp="2025-04-23T12:53:21 IST" skipped="0">
  <testcase classname="com.vtiger.crm.ContactTest.CreateContactsWithOrganzation" name="createOrg" time="25.718"/>
</testsuite> <!-- com.vtiger.crm.ContactTest.CreateContactsWithOrganzation -->
