<?xml version="1.0" encoding="UTF-8"?>
<!-- Generated by org.testng.reporters.JUnitReportReporter -->
<testsuite hostname="DESKTOP-132NBAJ" failures="0" tests="1" name="com.vtiger.crm.OpportunityTest.CheckOpportunityName" time="23.758" errors="0" timestamp="2025-04-24T12:42:16 IST" skipped="0">
  <testcase classname="com.vtiger.crm.OpportunityTest.CheckOpportunityName" name="checkOpp" time="23.758"/>
</testsuite> <!-- com.vtiger.crm.OpportunityTest.CheckOpportunityName -->
