<?xml version="1.0" encoding="UTF-8"?>
<!-- Generated by org.testng.reporters.JUnitReportReporter -->
<testsuite hostname="DESKTOP-132NBAJ" failures="0" tests="1" name="com.vtiger.crm.ContactTest.CreateContactWithSupportDateTest" time="21.445" errors="0" timestamp="2025-05-08T10:05:53 IST" skipped="0">
  <testcase classname="com.vtiger.crm.ContactTest.CreateContactWithSupportDateTest" name="createOrg" time="21.445"/>
</testsuite> <!-- com.vtiger.crm.ContactTest.CreateContactWithSupportDateTest -->
