<?xml version="1.0" encoding="UTF-8"?>
<!-- Generated by org.testng.reporters.JUnitReportReporter -->
<testsuite hostname="DESKTOP-132NBAJ" failures="0" tests="1" name="com.vtiger.crm.OrgTest.CreateOrgWithIndustryType" time="24.497" errors="0" timestamp="2025-05-09T10:05:52 IST" skipped="0">
  <testcase classname="com.vtiger.crm.OrgTest.CreateOrgWithIndustryType" name="createOrgWithIndustryTypeTest" time="24.497"/>
</testsuite> <!-- com.vtiger.crm.OrgTest.CreateOrgWithIndustryType -->
