<?xml version="1.0" encoding="UTF-8"?>
<!-- Generated by org.testng.reporters.JUnitReportReporter -->
<testsuite hostname="DESKTOP-132NBAJ" failures="0" tests="2" name="com.vtiger.crm.OrgTest.CreateOrgTest" time="40.705" errors="0" timestamp="2025-05-22T11:08:35 IST" skipped="0">
  <testcase classname="com.vtiger.crm.OrgTest.CreateOrgTest" name="createOrgWithPhoneNumberTest" time="18.620">
    <system-out>
      <![CDATA[JSW_PAINTS_394 is created & verified 
8792336114 is created & verified ]]>
    </system-out>
  </testcase> <!-- createOrgWithPhoneNumberTest -->
  <testcase classname="com.vtiger.crm.OrgTest.CreateOrgTest" name="createOrgWithIndustryTypeTest" time="22.085">
    <system-out>
      <![CDATA[JSW_CEMENT_517 is created & verified 
Banking is created & verified ]]>
    </system-out>
  </testcase> <!-- createOrgWithIndustryTypeTest -->
  <system-out>
    <![CDATA[Installation of ABBDrivers_212 is created and verified
SeniorAnalyst_657 is verified and displayed in Opporunities main page
JSW_CEMENT_517 is created & verified 
Banking is created & verified 
JSW_PAINTS_394 is created & verified 
8792336114 is created & verified 
Supply of DCS System_ is created & verified 
M/s SIEMENS_655 is created & verified in PO page]]>
  </system-out>
</testsuite> <!-- com.vtiger.crm.OrgTest.CreateOrgTest -->
