<?xml version="1.0" encoding="UTF-8"?>
<!-- Generated by org.testng.reporters.JUnitReportReporter -->
<testsuite hostname="DESKTOP-132NBAJ" failures="0" tests="1" name="com.vtiger.crm.InvoiceTest.CreateInvoiceTest" time="93.084" errors="0" timestamp="2025-05-22T11:08:35 IST" skipped="0">
  <testcase classname="com.vtiger.crm.InvoiceTest.CreateInvoiceTest" name="createInvoicewithPO_SO" time="93.084"/>
  <system-out>
    <![CDATA[Installation of ABBDrivers_212 is created and verified
SeniorAnalyst_657 is verified and displayed in Opporunities main page
JSW_CEMENT_517 is created & verified 
Banking is created & verified 
JSW_PAINTS_394 is created & verified 
8792336114 is created & verified 
Supply of DCS System_ is created & verified 
M/s SIEMENS_655 is created & verified in PO page]]>
  </system-out>
</testsuite> <!-- com.vtiger.crm.InvoiceTest.CreateInvoiceTest -->
